{"name": "test_dologin[chrome-arjun.miryala@gmail.com-asdasdasds]", "status": "failed", "statusDetails": {"message": "AssertionError: assert 1 == 2", "trace": "username = 'arjun.miryala@gmail.com', password = 'asdasdasds'\nget_browser = <selenium.webdriver.chrome.webdriver.WebDriver (session=\"dbe33dbea77d66bcd0070afbe583f114\")>\n\n    @pytest.mark.usefixtures(\"log_on_failure\")\n    @pytest.mark.parametrize(\"username, password\", get_data())\n    def test_dologin(username, password, get_browser):\n        driver = get_browser\n        driver.find_element(By.ID, \"email\").send_keys(username)\n        driver.find_element(By.ID, \"pass\").send_keys(password)\n>       assert 1 == 2\nE       assert 1 == 2\n\ntest_webdriver_integration.py:40: AssertionError"}, "parameters": [{"name": "get_browser", "value": "'chrome'"}, {"name": "username", "value": "'arjun.miryala@gmail.com'"}, {"name": "password", "value": "'asdasdasds'"}], "start": 1711911403741, "stop": 1711911404297, "uuid": "5b95b4fa-ec02-4276-a7df-0e8bcf79aade", "historyId": "171cc281201bd38651e1bc94f045ec9c", "testCaseId": "2f9763facbc619a5282c9be3bcb9b094", "fullName": "test_webdriver_integration#test_dologin", "labels": [{"name": "tag", "value": "@pytest.mark.usefixtures('log_on_failure')"}, {"name": "suite", "value": "test_webdriver_integration"}, {"name": "host", "value": "DESKTOP-8E2C348"}, {"name": "thread", "value": "1652-MainThread"}, {"name": "framework", "value": "pytest"}, {"name": "language", "value": "cpython3"}, {"name": "package", "value": "test_webdriver_integration"}]}