{"name": "test_dologin[chrome-chirru.miryala@gmail.com-gdgd]", "status": "failed", "statusDetails": {"message": "AssertionError: assert 1 == 2", "trace": "username = 'chirru.miryala@gmail.com', password = 'gdgd'\nget_browser = <selenium.webdriver.chrome.webdriver.WebDriver (session=\"4979fd34c73db073aba610ed55e77fb1\")>\n\n    @pytest.mark.usefixtures(\"log_on_failure\")\n    @pytest.mark.parametrize(\"username, password\", get_data())\n    def test_dologin(username, password, get_browser):\n        driver = get_browser\n        driver.find_element(By.ID, \"email\").send_keys(username)\n        driver.find_element(By.ID, \"pass\").send_keys(password)\n>       assert 1 == 2\nE       assert 1 == 2\n\ntest_webdriver_integration.py:40: AssertionError"}, "parameters": [{"name": "get_browser", "value": "'chrome'"}, {"name": "username", "value": "'chirru.miryala@gmail.com'"}, {"name": "password", "value": "'gdgd'"}], "start": 1711911409912, "stop": 1711911410100, "uuid": "0836c3f0-4d04-4235-a11e-c40f59e4ed1a", "historyId": "5f8e64a0ab0905a74793f3d9ff8935dc", "testCaseId": "2f9763facbc619a5282c9be3bcb9b094", "fullName": "test_webdriver_integration#test_dologin", "labels": [{"name": "tag", "value": "@pytest.mark.usefixtures('log_on_failure')"}, {"name": "suite", "value": "test_webdriver_integration"}, {"name": "host", "value": "DESKTOP-8E2C348"}, {"name": "thread", "value": "1652-MainThread"}, {"name": "framework", "value": "pytest"}, {"name": "language", "value": "cpython3"}, {"name": "package", "value": "test_webdriver_integration"}]}