{"name": "test_dologin[chrome-andwit.miryala@gmail.com-asdetr]", "status": "failed", "statusDetails": {"message": "AssertionError: assert 1 == 2", "trace": "username = 'andwit.miryala@gmail.com', password = 'asdetr'\nget_browser = <selenium.webdriver.chrome.webdriver.WebDriver (session=\"e0e53bbed3ed324ee2b09af74078d1c0\")>\n\n    @pytest.mark.usefixtures(\"log_on_failure\")\n    @pytest.mark.parametrize(\"username, password\", get_data())\n    def test_dologin(username, password, get_browser):\n        driver = get_browser\n        driver.find_element(By.ID, \"email\").send_keys(username)\n        driver.find_element(By.ID, \"pass\").send_keys(password)\n>       assert 1 == 2\nE       assert 1 == 2\n\ntest_webdriver_integration.py:40: AssertionError"}, "parameters": [{"name": "get_browser", "value": "'chrome'"}, {"name": "username", "value": "'andwit.miryala@gmail.com'"}, {"name": "password", "value": "'asdetr'"}], "start": 1711911403724, "stop": 1711911404269, "uuid": "9ab140c6-9c2e-4fb5-a3bd-3a0d1cb71580", "historyId": "07c8364d0785b9158159d43b0c960d0c", "testCaseId": "2f9763facbc619a5282c9be3bcb9b094", "fullName": "test_webdriver_integration#test_dologin", "labels": [{"name": "tag", "value": "@pytest.mark.usefixtures('log_on_failure')"}, {"name": "suite", "value": "test_webdriver_integration"}, {"name": "host", "value": "DESKTOP-8E2C348"}, {"name": "thread", "value": "696-MainThread"}, {"name": "framework", "value": "pytest"}, {"name": "language", "value": "cpython3"}, {"name": "package", "value": "test_webdriver_integration"}]}